<?xml version="1.0" encoding="UTF-8"?>
<!-- Generated by org.testng.reporters.JUnitReportReporter -->
<testsuite hostname="LAPTOP-IKS9SD1L" failures="0" tests="2" name="tests.UserRegisterTest" time="13.314" errors="0" timestamp="2024-10-23T07:24:54 IST" skipped="0">
  <testcase classname="tests.UserRegisterTest" name="RegisterUser" time="6.230"/>
  <system-out/>
  <testcase classname="tests.UserRegisterTest" name="RegisterUser" time="7.084"/>
  <system-out/>
</testsuite> <!-- tests.UserRegisterTest -->
