<?xml version="1.0" encoding="UTF-8"?>
<!-- Generated by org.testng.reporters.JUnitReportReporter -->
<testsuite hostname="LAPTOP-IKS9SD1L" failures="0" tests="12" name="tests.LoginTest" time="91.851" errors="0" timestamp="2024-10-23T07:01:26 IST" skipped="0">
  <testcase classname="tests.LoginTest" name="testLogin" time="10.789"/>
  <system-out/>
  <testcase classname="tests.LoginTest" name="testLogin" time="6.028"/>
  <system-out/>
  <testcase classname="tests.LoginTest" name="testLogin" time="8.520"/>
  <system-out/>
  <testcase classname="tests.LoginTest" name="testLogin" time="7.399"/>
  <system-out/>
  <testcase classname="tests.LoginTest" name="testLogin" time="8.175"/>
  <system-out/>
  <testcase classname="tests.LoginTest" name="testLogin" time="6.698"/>
  <system-out/>
  <testcase classname="tests.LoginTest" name="testLogin" time="8.414"/>
  <system-out/>
  <testcase classname="tests.LoginTest" name="testLogin" time="7.886"/>
  <system-out/>
  <testcase classname="tests.LoginTest" name="testLogin" time="7.752"/>
  <system-out/>
  <testcase classname="tests.LoginTest" name="testLogin" time="7.462"/>
  <system-out/>
  <testcase classname="tests.LoginTest" name="testLogin" time="6.440"/>
  <system-out/>
  <testcase classname="tests.LoginTest" name="testLogin" time="6.288"/>
  <system-out/>
</testsuite> <!-- tests.LoginTest -->
